21:12:12 **** Incremental Build of configuration Debug for project main ****
make all 
Building file: ../src/Computer.c
Invoking: GCC C Compiler
gcc -O0 -g3 -Wall -c -fmessage-length=0 -MMD -MP -MF"src/Computer.d" -MT"src/Computer.o" -o "src/Computer.o" "../src/Computer.c"
../src/Computer.c: In function ‘computer_setId’:
../src/Computer.c:56:27: warning: comparison between pointer and integer
  if(this != NULL && idSet != NULL)
                           ^~
../src/Computer.c: In function ‘computer_setDescripcion’:
../src/Computer.c:82:36: warning: comparison between pointer and integer
     if(this != NULL && descripcion != NULL && isValidTexto(descripcion))
                                    ^~
../src/Computer.c:82:60: warning: passing argument 1 of ‘isValidTexto’ makes pointer from integer without a cast [-Wint-conversion]
     if(this != NULL && descripcion != NULL && isValidTexto(descripcion))
                                                            ^~~~~~~~~~~
In file included from ../src/Computer.c:4:0:
../src/utn.h:20:5: note: expected ‘char *’ but argument is of type ‘char’
 int isValidTexto(char* stringRecibido);
     ^~~~~~~~~~~~
../src/Computer.c:84:19: warning: passing argument 1 of ‘strlen’ makes pointer from integer without a cast [-Wint-conversion]
         if(strlen(descripcion) > 0)
                   ^~~~~~~~~~~
In file included from ../src/Computer.c:3:0:
/usr/include/string.h:384:15: note: expected ‘const char *’ but argument is of type ‘char’
 extern size_t strlen (const char *__s)
               ^~~~~~
../src/Computer.c:86:40: warning: passing argument 2 of ‘strncpy’ makes pointer from integer without a cast [-Wint-conversion]
             strncpy(this->descripcion, descripcion, sizeof(this->descripcion));
                                        ^~~~~~~~~~~
In file included from ../src/Computer.c:3:0:
/usr/include/string.h:124:14: note: expected ‘const char * restrict’ but argument is of type ‘char’
 extern char *strncpy (char *__restrict __dest,
              ^~~~~~~
../src/Computer.c: In function ‘computer_setPrecio’:
../src/Computer.c:109:25: warning: comparison between pointer and integer
  if(this!=NULL && precio!=NULL)
                         ^~
../src/Computer.c: In function ‘computer_setIdTipo’:
../src/Computer.c:131:25: warning: comparison between pointer and integer
  if(this!=NULL && idTipo!=NULL)
                         ^~
Finished building: ../src/Computer.c
 
Building target: main
Invoking: GCC C Linker
gcc  -o "main"  ./src/Computer.o ./src/LinkedList.o ./src/controller.o ./src/main.o ./src/parser.o ./src/utn.o   
Finished building target: main
 

21:12:12 Build Finished. 0 errors, 7 warnings. (took 440ms)

